[0.081s] Invoking command in '/home/cc/ee106a/sp26/class/ee106a-aac/ros_workspaces/lab1/build/my_chatter_msgs': CMAKE_PREFIX_PATH=${CMAKE_PREFIX_PATH}:/home/cc/ee106a/sp26/class/ee106a-aac/ros_workspaces/lab1/install/my_chatter:/home/cc/ee106a/sp26/class/ee106a-aac/ros_workspaces/lab1/install/chatter:/home/ff/ee106a/robot_workspaces/ur/install/ur7e_utils:/opt/ros/humble /usr/bin/cmake --build /home/cc/ee106a/sp26/class/ee106a-aac/ros_workspaces/lab1/build/my_chatter_msgs -- -j32 -l32
[0.225s] -- Found ament_cmake: 1.3.12 (/opt/ros/humble/share/ament_cmake/cmake)
[0.375s] -- Found rosidl_default_generators: 1.2.0 (/opt/ros/humble/share/rosidl_default_generators/cmake)
[0.389s] -- Using all available rosidl_typesupport_c: rosidl_typesupport_fastrtps_c;rosidl_typesupport_introspection_c
[0.398s] -- Found rosidl_adapter: 3.1.8 (/opt/ros/humble/share/rosidl_adapter/cmake)
[0.485s] -- Using all available rosidl_typesupport_cpp: rosidl_typesupport_fastrtps_cpp;rosidl_typesupport_introspection_cpp
[0.651s] [31mCMake Error at /opt/ros/humble/share/rosidl_adapter/cmake/rosidl_adapt_interfaces.cmake:59 (message):
[0.651s]   execute_process(/usr/bin/python3 -m rosidl_adapter --package-name
[0.651s]   my_chatter_msgs --arguments-file
[0.652s]   /home/cc/ee106a/sp26/class/ee106a-aac/ros_workspaces/lab1/build/my_chatter_msgs/rosidl_adapter__arguments__my_chatter_msgs.json
[0.652s]   --output-dir
[0.652s]   /home/cc/ee106a/sp26/class/ee106a-aac/ros_workspaces/lab1/build/my_chatter_msgs/rosidl_adapter/my_chatter_msgs
[0.652s]   --output-file
[0.652s]   /home/cc/ee106a/sp26/class/ee106a-aac/ros_workspaces/lab1/build/my_chatter_msgs/rosidl_adapter/my_chatter_msgs.idls)
[0.652s]   returned error code 1:
[0.652s] 
[0.652s]   Error processing 'uint32_t timestamp' of 'my_chatter_msgs/TimestampString':
[0.652s]   ''uint32_t' is an invalid message name.  It should have the pattern
[0.652s]   '^[A-Z][A-Za-z0-9]*$''
[0.652s] 
[0.652s]   Traceback (most recent call last):
[0.652s] 
[0.652s]     File "/usr/lib/python3.10/runpy.py", line 196, in _run_module_as_main
[0.652s]       return _run_code(code, main_globals, None,
[0.652s]     File "/usr/lib/python3.10/runpy.py", line 86, in _run_code
[0.652s]       exec(code, run_globals)
[0.652s]     File "/opt/ros/humble/local/lib/python3.10/dist-packages/rosidl_adapter/__main__.py", line 19, in <module>
[0.652s]       sys.exit(main())
[0.652s]     File "/opt/ros/humble/local/lib/python3.10/dist-packages/rosidl_adapter/main.py", line 53, in main
[0.652s]       abs_idl_file = convert_to_idl(
[0.652s]     File "/opt/ros/humble/local/lib/python3.10/dist-packages/rosidl_adapter/__init__.py", line 19, in convert_to_idl
[0.652s]       return convert_msg_to_idl(
[0.652s]     File "/opt/ros/humble/local/lib/python3.10/dist-packages/rosidl_adapter/msg/__init__.py", line 28, in convert_msg_to_idl
[0.652s]       msg = parse_message_string(package_name, input_file.stem, content)
[0.652s]     File "/opt/ros/humble/local/lib/python3.10/dist-packages/rosidl_adapter/parser.py", line 520, in parse_message_string
[0.652s]       Type(type_string, context_package_name=pkg_name),
[0.652s]     File "/opt/ros/humble/local/lib/python3.10/dist-packages/rosidl_adapter/parser.py", line 277, in __init__
[0.652s]       super(Type, self).__init__(
[0.652s]     File "/opt/ros/humble/local/lib/python3.10/dist-packages/rosidl_adapter/parser.py", line 205, in __init__
[0.652s]       raise InvalidResourceName(
[0.652s] 
[0.652s]   rosidl_adapter.parser.InvalidResourceName: 'uint32_t' is an invalid message
[0.652s]   name.  It should have the pattern '^[A-Z][A-Za-z0-9]*$'
[0.652s] 
[0.652s] Call Stack (most recent call first):
[0.652s]   /opt/ros/humble/share/rosidl_cmake/cmake/rosidl_generate_interfaces.cmake:130 (rosidl_adapt_interfaces)
[0.653s]   CMakeLists.txt:12 (rosidl_generate_interfaces)
[0.653s] 
[0.653s] [0m
[0.653s] -- Configuring incomplete, errors occurred!
[0.653s] See also "/home/cc/ee106a/sp26/class/ee106a-aac/ros_workspaces/lab1/build/my_chatter_msgs/CMakeFiles/CMakeOutput.log".
[0.661s] gmake: *** [Makefile:747: cmake_check_build_system] Error 1
[0.663s] Invoked command in '/home/cc/ee106a/sp26/class/ee106a-aac/ros_workspaces/lab1/build/my_chatter_msgs' returned '2': CMAKE_PREFIX_PATH=${CMAKE_PREFIX_PATH}:/home/cc/ee106a/sp26/class/ee106a-aac/ros_workspaces/lab1/install/my_chatter:/home/cc/ee106a/sp26/class/ee106a-aac/ros_workspaces/lab1/install/chatter:/home/ff/ee106a/robot_workspaces/ur/install/ur7e_utils:/opt/ros/humble /usr/bin/cmake --build /home/cc/ee106a/sp26/class/ee106a-aac/ros_workspaces/lab1/build/my_chatter_msgs -- -j32 -l32
